2024-08-12 10:02:43,340  | py-experimenter - INFO     | Found 5 keyfields
2024-08-12 10:02:43,340  | py-experimenter - INFO     | Found 3 resultfields
2024-08-12 10:02:43,340  | py-experimenter - WARNING  | No logtables given
2024-08-12 10:02:43,340  | py-experimenter - WARNING  | No custom section defined in config
2024-08-12 10:02:43,340  | py-experimenter - WARNING  | No codecarbon section defined in config
2024-08-12 10:02:43,341  | py-experimenter - INFO     | Initialized and connected to database
2024-08-12 10:02:43,394  | py-experimenter - INFO     | 12 rows successfully added to database. 0 rows were skipped.
2024-08-12 10:03:03,150  | py-experimenter - INFO     | All configured executions finished.
2024-08-12 10:05:07,246  | py-experimenter - INFO     | Found 5 keyfields
2024-08-12 10:05:07,246  | py-experimenter - INFO     | Found 3 resultfields
2024-08-12 10:05:07,246  | py-experimenter - WARNING  | No logtables given
2024-08-12 10:05:07,246  | py-experimenter - WARNING  | No custom section defined in config
2024-08-12 10:05:07,246  | py-experimenter - WARNING  | No codecarbon section defined in config
2024-08-12 10:05:07,247  | py-experimenter - INFO     | Initialized and connected to database
2024-08-12 10:05:07,248  | py-experimenter - INFO     | No rows to add. All the 12 experiments already exist.
2024-08-12 10:06:53,689  | py-experimenter - INFO     | All configured executions finished.
2024-08-12 16:51:00,319  | py-experimenter - INFO     | Found 6 keyfields
2024-08-12 16:51:00,329  | py-experimenter - INFO     | Found 8 resultfields
2024-08-12 16:51:00,329  | py-experimenter - WARNING  | No logtables given
2024-08-12 16:51:00,329  | py-experimenter - WARNING  | No custom section defined in config
2024-08-12 16:51:00,329  | py-experimenter - WARNING  | No codecarbon section defined in config
2024-08-12 16:51:00,330  | py-experimenter - INFO     | Initialized and connected to database
2024-08-12 16:51:00,372  | py-experimenter - INFO     | 1 rows successfully added to database. 0 rows were skipped.
2024-08-12 16:51:37,847  | py-experimenter - INFO     | All configured executions finished.
2024-08-12 16:53:50,925  | py-experimenter - INFO     | Found 6 keyfields
2024-08-12 16:53:50,926  | py-experimenter - INFO     | Found 8 resultfields
2024-08-12 16:53:50,926  | py-experimenter - WARNING  | No logtables given
2024-08-12 16:53:50,926  | py-experimenter - WARNING  | No custom section defined in config
2024-08-12 16:53:50,926  | py-experimenter - WARNING  | No codecarbon section defined in config
2024-08-12 16:53:50,927  | py-experimenter - INFO     | Initialized and connected to database
2024-08-12 16:53:50,978  | py-experimenter - INFO     | 1 rows successfully added to database. 0 rows were skipped.
2024-08-12 16:58:23,831  | py-experimenter - INFO     | All configured executions finished.
2024-08-12 16:59:08,001  | py-experimenter - INFO     | Found 6 keyfields
2024-08-12 16:59:08,002  | py-experimenter - INFO     | Found 8 resultfields
2024-08-12 16:59:08,002  | py-experimenter - WARNING  | No logtables given
2024-08-12 16:59:08,002  | py-experimenter - WARNING  | No custom section defined in config
2024-08-12 16:59:08,002  | py-experimenter - WARNING  | No codecarbon section defined in config
2024-08-12 16:59:08,002  | py-experimenter - INFO     | Initialized and connected to database
2024-08-12 16:59:08,057  | py-experimenter - INFO     | 1 rows successfully added to database. 0 rows were skipped.
2024-08-12 16:59:24,678  | py-experimenter - INFO     | All configured executions finished.
2024-08-12 17:00:31,676  | py-experimenter - INFO     | Found 6 keyfields
2024-08-12 17:00:31,676  | py-experimenter - INFO     | Found 8 resultfields
2024-08-12 17:00:31,676  | py-experimenter - WARNING  | No logtables given
2024-08-12 17:00:31,677  | py-experimenter - WARNING  | No custom section defined in config
2024-08-12 17:00:31,677  | py-experimenter - WARNING  | No codecarbon section defined in config
2024-08-12 17:00:31,677  | py-experimenter - INFO     | Initialized and connected to database
2024-08-12 17:00:31,730  | py-experimenter - INFO     | 1 rows successfully added to database. 0 rows were skipped.
2024-08-12 17:02:41,257  | py-experimenter - INFO     | All configured executions finished.
2024-08-12 17:05:28,642  | py-experimenter - INFO     | Found 6 keyfields
2024-08-12 17:05:28,643  | py-experimenter - INFO     | Found 8 resultfields
2024-08-12 17:05:28,643  | py-experimenter - WARNING  | No logtables given
2024-08-12 17:05:28,643  | py-experimenter - WARNING  | No custom section defined in config
2024-08-12 17:05:28,643  | py-experimenter - WARNING  | No codecarbon section defined in config
2024-08-12 17:05:28,644  | py-experimenter - INFO     | Initialized and connected to database
2024-08-12 17:05:28,707  | py-experimenter - INFO     | 1 rows successfully added to database. 0 rows were skipped.
2024-08-12 17:10:09,725  | py-experimenter - INFO     | All configured executions finished.
2024-08-12 17:10:31,451  | py-experimenter - INFO     | Found 6 keyfields
2024-08-12 17:10:31,451  | py-experimenter - INFO     | Found 8 resultfields
2024-08-12 17:10:31,452  | py-experimenter - WARNING  | No logtables given
2024-08-12 17:10:31,452  | py-experimenter - WARNING  | No custom section defined in config
2024-08-12 17:10:31,452  | py-experimenter - WARNING  | No codecarbon section defined in config
2024-08-12 17:10:31,452  | py-experimenter - INFO     | Initialized and connected to database
2024-08-12 17:10:31,494  | py-experimenter - INFO     | 1 rows successfully added to database. 0 rows were skipped.
2024-08-12 17:11:08,052  | py-experimenter - INFO     | All configured executions finished.
2024-08-12 17:12:03,890  | py-experimenter - INFO     | Found 6 keyfields
2024-08-12 17:12:03,891  | py-experimenter - INFO     | Found 8 resultfields
2024-08-12 17:12:03,891  | py-experimenter - WARNING  | No logtables given
2024-08-12 17:12:03,891  | py-experimenter - WARNING  | No custom section defined in config
2024-08-12 17:12:03,891  | py-experimenter - WARNING  | No codecarbon section defined in config
2024-08-12 17:12:03,891  | py-experimenter - INFO     | Initialized and connected to database
2024-08-12 17:12:03,944  | py-experimenter - INFO     | 1 rows successfully added to database. 0 rows were skipped.
2024-08-12 17:12:53,101  | py-experimenter - INFO     | All configured executions finished.
2024-08-12 17:17:12,376  | py-experimenter - INFO     | Found 6 keyfields
2024-08-12 17:17:12,376  | py-experimenter - INFO     | Found 8 resultfields
2024-08-12 17:17:12,377  | py-experimenter - WARNING  | No logtables given
2024-08-12 17:17:12,377  | py-experimenter - WARNING  | No custom section defined in config
2024-08-12 17:17:12,377  | py-experimenter - WARNING  | No codecarbon section defined in config
2024-08-12 17:17:12,377  | py-experimenter - INFO     | Initialized and connected to database
2024-08-12 17:17:12,425  | py-experimenter - INFO     | 1 rows successfully added to database. 0 rows were skipped.
2024-08-12 17:17:38,857  | py-experimenter - INFO     | All configured executions finished.
2024-08-12 17:19:29,912  | py-experimenter - INFO     | Found 6 keyfields
2024-08-12 17:19:29,913  | py-experimenter - INFO     | Found 8 resultfields
2024-08-12 17:19:29,913  | py-experimenter - WARNING  | No logtables given
2024-08-12 17:19:29,913  | py-experimenter - WARNING  | No custom section defined in config
2024-08-12 17:19:29,913  | py-experimenter - WARNING  | No codecarbon section defined in config
2024-08-12 17:19:29,913  | py-experimenter - INFO     | Initialized and connected to database
2024-08-12 17:19:29,960  | py-experimenter - INFO     | 1 rows successfully added to database. 0 rows were skipped.
2024-08-12 17:20:01,436  | py-experimenter - INFO     | All configured executions finished.
2024-08-12 17:20:26,909  | py-experimenter - INFO     | Found 6 keyfields
2024-08-12 17:20:26,910  | py-experimenter - INFO     | Found 8 resultfields
2024-08-12 17:20:26,910  | py-experimenter - WARNING  | No logtables given
2024-08-12 17:20:26,910  | py-experimenter - WARNING  | No custom section defined in config
2024-08-12 17:20:26,910  | py-experimenter - WARNING  | No codecarbon section defined in config
2024-08-12 17:20:26,911  | py-experimenter - INFO     | Initialized and connected to database
2024-08-12 17:20:26,953  | py-experimenter - INFO     | 1 rows successfully added to database. 0 rows were skipped.
2024-08-12 17:24:55,973  | py-experimenter - INFO     | All configured executions finished.
2024-08-12 17:25:15,707  | py-experimenter - INFO     | Found 6 keyfields
2024-08-12 17:25:15,708  | py-experimenter - INFO     | Found 8 resultfields
2024-08-12 17:25:15,708  | py-experimenter - WARNING  | No logtables given
2024-08-12 17:25:15,708  | py-experimenter - WARNING  | No custom section defined in config
2024-08-12 17:25:15,708  | py-experimenter - WARNING  | No codecarbon section defined in config
2024-08-12 17:25:15,709  | py-experimenter - INFO     | Initialized and connected to database
2024-08-12 17:25:15,750  | py-experimenter - INFO     | 1 rows successfully added to database. 0 rows were skipped.
2024-08-12 17:26:41,118  | py-experimenter - INFO     | All configured executions finished.
2024-08-12 17:28:24,703  | py-experimenter - INFO     | Found 6 keyfields
2024-08-12 17:28:24,704  | py-experimenter - INFO     | Found 8 resultfields
2024-08-12 17:28:24,704  | py-experimenter - WARNING  | No logtables given
2024-08-12 17:28:24,704  | py-experimenter - WARNING  | No custom section defined in config
2024-08-12 17:28:24,704  | py-experimenter - WARNING  | No codecarbon section defined in config
2024-08-12 17:28:24,705  | py-experimenter - INFO     | Initialized and connected to database
2024-08-12 17:28:24,763  | py-experimenter - INFO     | 1 rows successfully added to database. 0 rows were skipped.
2024-08-12 17:28:41,366  | py-experimenter - INFO     | All configured executions finished.
2024-08-12 17:29:26,838  | py-experimenter - INFO     | Found 6 keyfields
2024-08-12 17:29:26,839  | py-experimenter - INFO     | Found 7 resultfields
2024-08-12 17:29:26,839  | py-experimenter - WARNING  | No logtables given
2024-08-12 17:29:26,839  | py-experimenter - WARNING  | No custom section defined in config
2024-08-12 17:29:26,839  | py-experimenter - WARNING  | No codecarbon section defined in config
2024-08-12 17:29:26,839  | py-experimenter - INFO     | Initialized and connected to database
2024-08-12 17:29:26,892  | py-experimenter - INFO     | 1 rows successfully added to database. 0 rows were skipped.
2024-08-12 17:29:43,483  | py-experimenter - INFO     | All configured executions finished.
2024-08-13 08:39:11,545  | py-experimenter - INFO     | Found 6 keyfields
2024-08-13 08:39:11,545  | py-experimenter - INFO     | Found 7 resultfields
2024-08-13 08:39:11,545  | py-experimenter - WARNING  | No logtables given
2024-08-13 08:39:11,545  | py-experimenter - WARNING  | No custom section defined in config
2024-08-13 08:39:11,546  | py-experimenter - WARNING  | No codecarbon section defined in config
2024-08-13 08:39:11,546  | py-experimenter - INFO     | Initialized and connected to database
2024-08-13 08:39:11,547  | py-experimenter - INFO     | No rows to add. All the 1 experiments already exist.
2024-08-13 08:40:00,410  | py-experimenter - INFO     | Found 6 keyfields
2024-08-13 08:40:00,410  | py-experimenter - INFO     | Found 7 resultfields
2024-08-13 08:40:00,410  | py-experimenter - WARNING  | No logtables given
2024-08-13 08:40:00,410  | py-experimenter - WARNING  | No custom section defined in config
2024-08-13 08:40:00,410  | py-experimenter - WARNING  | No codecarbon section defined in config
2024-08-13 08:40:00,411  | py-experimenter - INFO     | Initialized and connected to database
2024-08-13 08:40:00,464  | py-experimenter - INFO     | 1 rows successfully added to database. 0 rows were skipped.
2024-08-13 08:40:17,756  | py-experimenter - INFO     | All configured executions finished.
2024-08-13 08:42:10,727  | py-experimenter - INFO     | Found 6 keyfields
2024-08-13 08:42:10,728  | py-experimenter - INFO     | Found 7 resultfields
2024-08-13 08:42:10,728  | py-experimenter - WARNING  | No logtables given
2024-08-13 08:42:10,728  | py-experimenter - WARNING  | No custom section defined in config
2024-08-13 08:42:10,728  | py-experimenter - WARNING  | No codecarbon section defined in config
2024-08-13 08:42:10,728  | py-experimenter - INFO     | Initialized and connected to database
2024-08-13 08:42:10,781  | py-experimenter - INFO     | 1 rows successfully added to database. 0 rows were skipped.
2024-08-13 08:42:29,506  | py-experimenter - INFO     | All configured executions finished.
2024-08-13 08:57:44,362  | py-experimenter - INFO     | Found 6 keyfields
2024-08-13 08:57:44,363  | py-experimenter - INFO     | Found 7 resultfields
2024-08-13 08:57:44,363  | py-experimenter - WARNING  | No logtables given
2024-08-13 08:57:44,363  | py-experimenter - WARNING  | No custom section defined in config
2024-08-13 08:57:44,363  | py-experimenter - WARNING  | No codecarbon section defined in config
2024-08-13 08:57:44,363  | py-experimenter - INFO     | Initialized and connected to database
2024-08-13 08:57:44,406  | py-experimenter - INFO     | 3 rows successfully added to database. 0 rows were skipped.
2024-08-13 08:58:01,003  | py-experimenter - INFO     | All configured executions finished.
2024-08-13 08:58:41,317  | py-experimenter - INFO     | Found 6 keyfields
2024-08-13 08:58:41,318  | py-experimenter - INFO     | Found 7 resultfields
2024-08-13 08:58:41,318  | py-experimenter - WARNING  | No logtables given
2024-08-13 08:58:41,318  | py-experimenter - WARNING  | No custom section defined in config
2024-08-13 08:58:41,318  | py-experimenter - WARNING  | No codecarbon section defined in config
2024-08-13 08:58:41,318  | py-experimenter - INFO     | Initialized and connected to database
2024-08-13 08:58:41,319  | py-experimenter - INFO     | No rows to add. All the 3 experiments already exist.
2024-08-13 08:59:09,826  | py-experimenter - INFO     | All configured executions finished.
2024-08-13 09:08:24,345  | py-experimenter - INFO     | Found 6 keyfields
2024-08-13 09:08:24,345  | py-experimenter - INFO     | Found 7 resultfields
2024-08-13 09:08:24,345  | py-experimenter - WARNING  | No logtables given
2024-08-13 09:08:24,346  | py-experimenter - WARNING  | No custom section defined in config
2024-08-13 09:08:24,346  | py-experimenter - WARNING  | No codecarbon section defined in config
2024-08-13 09:08:24,346  | py-experimenter - INFO     | Initialized and connected to database
2024-08-13 09:08:24,388  | py-experimenter - INFO     | 3 rows successfully added to database. 0 rows were skipped.
2024-08-13 09:08:42,258  | py-experimenter - INFO     | All configured executions finished.
2024-08-13 09:09:18,338  | py-experimenter - INFO     | Found 6 keyfields
2024-08-13 09:09:18,338  | py-experimenter - INFO     | Found 7 resultfields
2024-08-13 09:09:18,338  | py-experimenter - WARNING  | No logtables given
2024-08-13 09:09:18,339  | py-experimenter - WARNING  | No custom section defined in config
2024-08-13 09:09:18,339  | py-experimenter - WARNING  | No codecarbon section defined in config
2024-08-13 09:09:18,339  | py-experimenter - INFO     | Initialized and connected to database
2024-08-13 09:09:18,340  | py-experimenter - INFO     | No rows to add. All the 3 experiments already exist.
2024-08-13 09:09:35,173  | py-experimenter - INFO     | All configured executions finished.
2024-08-13 09:13:09,728  | py-experimenter - INFO     | Found 6 keyfields
2024-08-13 09:13:09,728  | py-experimenter - INFO     | Found 7 resultfields
2024-08-13 09:13:09,728  | py-experimenter - WARNING  | No logtables given
2024-08-13 09:13:09,728  | py-experimenter - WARNING  | No custom section defined in config
2024-08-13 09:13:09,728  | py-experimenter - WARNING  | No codecarbon section defined in config
2024-08-13 09:13:09,729  | py-experimenter - INFO     | Initialized and connected to database
2024-08-13 09:13:09,771  | py-experimenter - INFO     | 3 rows successfully added to database. 0 rows were skipped.
2024-08-13 09:13:26,881  | py-experimenter - INFO     | All configured executions finished.
2024-08-13 09:13:39,730  | py-experimenter - INFO     | Found 6 keyfields
2024-08-13 09:13:39,730  | py-experimenter - INFO     | Found 7 resultfields
2024-08-13 09:13:39,730  | py-experimenter - WARNING  | No logtables given
2024-08-13 09:13:39,731  | py-experimenter - WARNING  | No custom section defined in config
2024-08-13 09:13:39,731  | py-experimenter - WARNING  | No codecarbon section defined in config
2024-08-13 09:13:39,731  | py-experimenter - INFO     | Initialized and connected to database
2024-08-13 09:13:39,732  | py-experimenter - INFO     | No rows to add. All the 3 experiments already exist.
2024-08-13 09:13:56,580  | py-experimenter - INFO     | All configured executions finished.
2024-08-13 10:28:39,966  | py-experimenter - INFO     | Found 6 keyfields
2024-08-13 10:28:39,967  | py-experimenter - INFO     | Found 7 resultfields
2024-08-13 10:28:39,967  | py-experimenter - WARNING  | No logtables given
2024-08-13 10:28:39,967  | py-experimenter - WARNING  | No custom section defined in config
2024-08-13 10:28:39,967  | py-experimenter - WARNING  | No codecarbon section defined in config
2024-08-13 10:28:39,967  | py-experimenter - INFO     | Initialized and connected to database
2024-08-13 10:28:40,032  | py-experimenter - INFO     | 3 rows successfully added to database. 0 rows were skipped.
2024-08-13 10:29:01,438  | py-experimenter - INFO     | All configured executions finished.
2024-08-13 10:39:17,382  | py-experimenter - INFO     | Found 6 keyfields
2024-08-13 10:39:17,383  | py-experimenter - INFO     | Found 7 resultfields
2024-08-13 10:39:17,383  | py-experimenter - WARNING  | No logtables given
2024-08-13 10:39:17,383  | py-experimenter - WARNING  | No custom section defined in config
2024-08-13 10:39:17,383  | py-experimenter - WARNING  | No codecarbon section defined in config
2024-08-13 10:39:17,384  | py-experimenter - INFO     | Initialized and connected to database
2024-08-13 10:39:17,428  | py-experimenter - INFO     | 3 rows successfully added to database. 0 rows were skipped.
2024-08-13 10:39:49,840  | py-experimenter - INFO     | All configured executions finished.
2024-08-13 10:51:28,366  | py-experimenter - INFO     | Found 6 keyfields
2024-08-13 10:51:28,367  | py-experimenter - INFO     | Found 7 resultfields
2024-08-13 10:51:28,367  | py-experimenter - WARNING  | No logtables given
2024-08-13 10:51:28,367  | py-experimenter - WARNING  | No custom section defined in config
2024-08-13 10:51:28,367  | py-experimenter - WARNING  | No codecarbon section defined in config
2024-08-13 10:51:28,367  | py-experimenter - INFO     | Initialized and connected to database
2024-08-13 10:51:28,409  | py-experimenter - INFO     | 3 rows successfully added to database. 0 rows were skipped.
2024-08-13 10:51:50,748  | py-experimenter - INFO     | All configured executions finished.
2024-08-13 10:56:32,571  | py-experimenter - INFO     | Found 6 keyfields
2024-08-13 10:56:32,571  | py-experimenter - INFO     | Found 7 resultfields
2024-08-13 10:56:32,572  | py-experimenter - WARNING  | No logtables given
2024-08-13 10:56:32,572  | py-experimenter - WARNING  | No custom section defined in config
2024-08-13 10:56:32,572  | py-experimenter - WARNING  | No codecarbon section defined in config
2024-08-13 10:56:32,572  | py-experimenter - INFO     | Initialized and connected to database
2024-08-13 10:56:32,615  | py-experimenter - INFO     | 3 rows successfully added to database. 0 rows were skipped.
2024-08-13 10:56:56,504  | py-experimenter - INFO     | All configured executions finished.
2024-08-13 10:58:00,777  | py-experimenter - INFO     | Found 6 keyfields
2024-08-13 10:58:00,777  | py-experimenter - INFO     | Found 7 resultfields
2024-08-13 10:58:00,777  | py-experimenter - WARNING  | No logtables given
2024-08-13 10:58:00,777  | py-experimenter - WARNING  | No custom section defined in config
2024-08-13 10:58:00,777  | py-experimenter - WARNING  | No codecarbon section defined in config
2024-08-13 10:58:00,778  | py-experimenter - INFO     | Initialized and connected to database
2024-08-13 10:58:00,798  | py-experimenter - INFO     | 15 rows successfully added to database. 3 rows were skipped.
2024-08-13 10:58:44,245  | py-experimenter - INFO     | All configured executions finished.
2024-08-13 15:24:25,290  | py-experimenter - INFO     | Found 6 keyfields
2024-08-13 15:24:25,291  | py-experimenter - INFO     | Found 7 resultfields
2024-08-13 15:24:25,291  | py-experimenter - WARNING  | No logtables given
2024-08-13 15:24:25,291  | py-experimenter - WARNING  | No custom section defined in config
2024-08-13 15:24:25,292  | py-experimenter - WARNING  | No codecarbon section defined in config
2024-08-13 15:24:25,292  | py-experimenter - INFO     | Initialized and connected to database
2024-08-13 15:24:25,336  | py-experimenter - INFO     | 18 rows successfully added to database. 0 rows were skipped.
2024-08-13 15:28:23,133  | py-experimenter - INFO     | All configured executions finished.
2024-08-13 15:59:50,533  | py-experimenter - INFO     | Found 6 keyfields
2024-08-13 15:59:50,536  | py-experimenter - INFO     | Found 7 resultfields
2024-08-13 15:59:50,536  | py-experimenter - WARNING  | No logtables given
2024-08-13 15:59:50,537  | py-experimenter - WARNING  | No custom section defined in config
2024-08-13 15:59:50,537  | py-experimenter - WARNING  | No codecarbon section defined in config
2024-08-13 15:59:50,539  | py-experimenter - INFO     | Initialized and connected to database
2024-08-13 15:59:50,543  | py-experimenter - INFO     | No rows to add. All the 18 experiments already exist.
2024-08-13 16:00:52,115  | py-experimenter - INFO     | All configured executions finished.
2024-08-13 16:14:48,489  | py-experimenter - INFO     | Found 6 keyfields
2024-08-13 16:14:48,490  | py-experimenter - INFO     | Found 7 resultfields
2024-08-13 16:14:48,490  | py-experimenter - WARNING  | No logtables given
2024-08-13 16:14:48,490  | py-experimenter - WARNING  | No custom section defined in config
2024-08-13 16:14:48,490  | py-experimenter - WARNING  | No codecarbon section defined in config
2024-08-13 16:14:48,491  | py-experimenter - INFO     | Initialized and connected to database
2024-08-13 16:14:48,534  | py-experimenter - INFO     | 18 rows successfully added to database. 0 rows were skipped.
2024-08-13 16:16:33,809  | py-experimenter - INFO     | All configured executions finished.
2024-08-13 16:25:51,619  | py-experimenter - INFO     | Found 6 keyfields
2024-08-13 16:25:51,620  | py-experimenter - INFO     | Found 7 resultfields
2024-08-13 16:25:51,620  | py-experimenter - WARNING  | No logtables given
2024-08-13 16:25:51,620  | py-experimenter - WARNING  | No custom section defined in config
2024-08-13 16:25:51,620  | py-experimenter - WARNING  | No codecarbon section defined in config
2024-08-13 16:25:51,621  | py-experimenter - INFO     | Initialized and connected to database
2024-08-13 16:25:51,675  | py-experimenter - INFO     | 18 rows successfully added to database. 0 rows were skipped.
2024-08-13 16:27:20,680  | py-experimenter - INFO     | All configured executions finished.
2024-08-13 16:33:34,706  | py-experimenter - INFO     | Found 6 keyfields
2024-08-13 16:33:34,706  | py-experimenter - INFO     | Found 7 resultfields
2024-08-13 16:33:34,707  | py-experimenter - WARNING  | No logtables given
2024-08-13 16:33:34,707  | py-experimenter - WARNING  | No custom section defined in config
2024-08-13 16:33:34,707  | py-experimenter - WARNING  | No codecarbon section defined in config
2024-08-13 16:33:34,707  | py-experimenter - INFO     | Initialized and connected to database
2024-08-13 16:33:34,759  | py-experimenter - INFO     | 18 rows successfully added to database. 0 rows were skipped.
2024-08-13 16:34:40,139  | py-experimenter - INFO     | All configured executions finished.
2024-08-13 16:46:07,983  | py-experimenter - INFO     | Found 6 keyfields
2024-08-13 16:46:07,984  | py-experimenter - INFO     | Found 7 resultfields
2024-08-13 16:46:07,984  | py-experimenter - WARNING  | No logtables given
2024-08-13 16:46:07,984  | py-experimenter - WARNING  | No custom section defined in config
2024-08-13 16:46:07,984  | py-experimenter - WARNING  | No codecarbon section defined in config
2024-08-13 16:46:07,985  | py-experimenter - INFO     | Initialized and connected to database
2024-08-13 16:46:08,039  | py-experimenter - INFO     | 18 rows successfully added to database. 0 rows were skipped.
2024-08-13 16:47:09,125  | py-experimenter - INFO     | All configured executions finished.
2024-08-13 16:48:35,224  | py-experimenter - INFO     | Found 6 keyfields
2024-08-13 16:48:35,225  | py-experimenter - INFO     | Found 7 resultfields
2024-08-13 16:48:35,225  | py-experimenter - WARNING  | No logtables given
2024-08-13 16:48:35,225  | py-experimenter - WARNING  | No custom section defined in config
2024-08-13 16:48:35,225  | py-experimenter - WARNING  | No codecarbon section defined in config
2024-08-13 16:48:35,226  | py-experimenter - INFO     | Initialized and connected to database
2024-08-13 16:48:35,227  | py-experimenter - INFO     | No rows to add. All the 18 experiments already exist.
2024-08-13 16:48:54,445  | py-experimenter - INFO     | Found 6 keyfields
2024-08-13 16:48:54,446  | py-experimenter - INFO     | Found 7 resultfields
2024-08-13 16:48:54,446  | py-experimenter - WARNING  | No logtables given
2024-08-13 16:48:54,447  | py-experimenter - WARNING  | No custom section defined in config
2024-08-13 16:48:54,447  | py-experimenter - WARNING  | No codecarbon section defined in config
2024-08-13 16:48:54,447  | py-experimenter - INFO     | Initialized and connected to database
2024-08-13 16:48:54,501  | py-experimenter - INFO     | 18 rows successfully added to database. 0 rows were skipped.
2024-08-13 16:50:06,983  | py-experimenter - INFO     | All configured executions finished.
2024-08-13 17:07:48,601  | py-experimenter - INFO     | Found 6 keyfields
2024-08-13 17:07:48,602  | py-experimenter - INFO     | Found 7 resultfields
2024-08-13 17:07:48,602  | py-experimenter - WARNING  | No logtables given
2024-08-13 17:07:48,602  | py-experimenter - WARNING  | No custom section defined in config
2024-08-13 17:07:48,602  | py-experimenter - WARNING  | No codecarbon section defined in config
2024-08-13 17:07:48,603  | py-experimenter - INFO     | Initialized and connected to database
2024-08-13 17:07:48,657  | py-experimenter - INFO     | 6 rows successfully added to database. 0 rows were skipped.
2024-08-13 17:08:24,579  | py-experimenter - INFO     | All configured executions finished.
2024-08-13 17:11:54,356  | py-experimenter - INFO     | Found 6 keyfields
2024-08-13 17:11:54,357  | py-experimenter - INFO     | Found 7 resultfields
2024-08-13 17:11:54,357  | py-experimenter - WARNING  | No logtables given
2024-08-13 17:11:54,357  | py-experimenter - WARNING  | No custom section defined in config
2024-08-13 17:11:54,357  | py-experimenter - WARNING  | No codecarbon section defined in config
2024-08-13 17:11:54,357  | py-experimenter - INFO     | Initialized and connected to database
2024-08-13 17:11:54,411  | py-experimenter - INFO     | 6 rows successfully added to database. 0 rows were skipped.
2024-08-13 17:13:44,097  | py-experimenter - INFO     | All configured executions finished.
2024-08-13 17:15:10,270  | py-experimenter - INFO     | Found 6 keyfields
2024-08-13 17:15:10,271  | py-experimenter - INFO     | Found 7 resultfields
2024-08-13 17:15:10,271  | py-experimenter - WARNING  | No logtables given
2024-08-13 17:15:10,271  | py-experimenter - WARNING  | No custom section defined in config
2024-08-13 17:15:10,271  | py-experimenter - WARNING  | No codecarbon section defined in config
2024-08-13 17:15:10,272  | py-experimenter - INFO     | Initialized and connected to database
2024-08-13 17:15:10,273  | py-experimenter - INFO     | No rows to add. All the 6 experiments already exist.
2024-08-13 17:16:56,236  | py-experimenter - INFO     | All configured executions finished.
2024-08-13 17:17:40,628  | py-experimenter - INFO     | Found 6 keyfields
2024-08-13 17:17:40,628  | py-experimenter - INFO     | Found 7 resultfields
2024-08-13 17:17:40,629  | py-experimenter - WARNING  | No logtables given
2024-08-13 17:17:40,629  | py-experimenter - WARNING  | No custom section defined in config
2024-08-13 17:17:40,629  | py-experimenter - WARNING  | No codecarbon section defined in config
2024-08-13 17:17:40,629  | py-experimenter - INFO     | Initialized and connected to database
2024-08-13 17:17:40,687  | py-experimenter - INFO     | 6 rows successfully added to database. 0 rows were skipped.
2024-08-19 11:16:24,148  | py-experimenter - INFO     | Found 5 keyfields
2024-08-19 11:16:24,152  | py-experimenter - INFO     | Found 9 resultfields
2024-08-19 11:16:24,152  | py-experimenter - WARNING  | No logtables given
2024-08-19 11:16:24,153  | py-experimenter - WARNING  | No custom section defined in config
2024-08-19 11:16:24,154  | py-experimenter - WARNING  | No codecarbon section defined in config
2024-08-19 11:16:24,164  | py-experimenter - INFO     | Initialized and connected to database
2024-08-19 11:17:05,533  | py-experimenter - INFO     | Found 5 keyfields
2024-08-19 11:17:05,534  | py-experimenter - INFO     | Found 9 resultfields
2024-08-19 11:17:05,534  | py-experimenter - WARNING  | No logtables given
2024-08-19 11:17:05,535  | py-experimenter - WARNING  | No custom section defined in config
2024-08-19 11:17:05,535  | py-experimenter - WARNING  | No codecarbon section defined in config
2024-08-19 11:17:05,544  | py-experimenter - INFO     | Initialized and connected to database
2024-08-19 15:07:55,425  | py-experimenter - INFO     | Found 5 keyfields
2024-08-19 15:07:55,427  | py-experimenter - INFO     | Found 9 resultfields
2024-08-19 15:07:55,429  | py-experimenter - WARNING  | No logtables given
2024-08-19 15:07:55,430  | py-experimenter - WARNING  | No custom section defined in config
2024-08-19 15:07:55,431  | py-experimenter - WARNING  | No codecarbon section defined in config
2024-08-19 15:07:55,447  | py-experimenter - INFO     | Initialized and connected to database
2024-08-19 15:12:22,757  | py-experimenter - INFO     | Found 5 keyfields
2024-08-19 15:12:22,759  | py-experimenter - INFO     | Found 9 resultfields
2024-08-19 15:12:22,760  | py-experimenter - WARNING  | No logtables given
2024-08-19 15:12:22,761  | py-experimenter - WARNING  | No custom section defined in config
2024-08-19 15:12:22,763  | py-experimenter - WARNING  | No codecarbon section defined in config
2024-08-19 15:12:22,774  | py-experimenter - INFO     | Initialized and connected to database
2024-08-19 16:10:05,151  | py-experimenter - INFO     | Found 5 keyfields
2024-08-19 16:10:05,153  | py-experimenter - INFO     | Found 9 resultfields
2024-08-19 16:10:05,154  | py-experimenter - WARNING  | No logtables given
2024-08-19 16:10:05,155  | py-experimenter - WARNING  | No custom section defined in config
2024-08-19 16:10:05,155  | py-experimenter - WARNING  | No codecarbon section defined in config
2024-08-19 16:10:05,166  | py-experimenter - INFO     | Initialized and connected to database
2024-08-19 16:10:17,634  | py-experimenter - INFO     | Found 5 keyfields
2024-08-19 16:10:17,635  | py-experimenter - INFO     | Found 9 resultfields
2024-08-19 16:10:17,636  | py-experimenter - WARNING  | No logtables given
2024-08-19 16:10:17,636  | py-experimenter - WARNING  | No custom section defined in config
2024-08-19 16:10:17,636  | py-experimenter - WARNING  | No codecarbon section defined in config
2024-08-19 16:10:17,652  | py-experimenter - INFO     | Initialized and connected to database
2024-08-19 16:53:27,475  | py-experimenter - INFO     | Found 5 keyfields
2024-08-19 16:53:27,476  | py-experimenter - INFO     | Found 9 resultfields
2024-08-19 16:53:27,476  | py-experimenter - WARNING  | No logtables given
2024-08-19 16:53:27,477  | py-experimenter - WARNING  | No custom section defined in config
2024-08-19 16:53:27,478  | py-experimenter - WARNING  | No codecarbon section defined in config
2024-08-19 16:53:27,487  | py-experimenter - INFO     | Initialized and connected to database
2024-08-19 16:56:50,196  | py-experimenter - INFO     | Found 5 keyfields
2024-08-19 16:56:50,197  | py-experimenter - INFO     | Found 9 resultfields
2024-08-19 16:56:50,198  | py-experimenter - WARNING  | No logtables given
2024-08-19 16:56:50,198  | py-experimenter - WARNING  | No custom section defined in config
2024-08-19 16:56:50,198  | py-experimenter - WARNING  | No codecarbon section defined in config
2024-08-19 16:56:50,208  | py-experimenter - INFO     | Initialized and connected to database
2024-08-21 11:30:05,237  | py-experimenter - INFO     | Found 5 keyfields
2024-08-21 11:30:05,239  | py-experimenter - INFO     | Found 9 resultfields
2024-08-21 11:30:05,240  | py-experimenter - WARNING  | No logtables given
2024-08-21 11:30:05,241  | py-experimenter - WARNING  | No custom section defined in config
2024-08-21 11:30:05,241  | py-experimenter - WARNING  | No codecarbon section defined in config
2024-08-21 11:30:05,242  | py-experimenter - INFO     | Initialized and connected to database
2024-08-21 11:30:13,867  | py-experimenter - INFO     | Found 5 keyfields
2024-08-21 11:30:13,867  | py-experimenter - INFO     | Found 9 resultfields
2024-08-21 11:30:13,868  | py-experimenter - WARNING  | No logtables given
2024-08-21 11:30:13,869  | py-experimenter - WARNING  | No custom section defined in config
2024-08-21 11:30:13,869  | py-experimenter - WARNING  | No codecarbon section defined in config
2024-08-21 11:30:13,870  | py-experimenter - INFO     | Initialized and connected to database
2024-08-21 11:31:01,995  | py-experimenter - INFO     | Found 5 keyfields
2024-08-21 11:31:01,996  | py-experimenter - INFO     | Found 9 resultfields
2024-08-21 11:31:01,996  | py-experimenter - WARNING  | No logtables given
2024-08-21 11:31:01,997  | py-experimenter - WARNING  | No custom section defined in config
2024-08-21 11:31:01,998  | py-experimenter - WARNING  | No codecarbon section defined in config
2024-08-21 11:31:02,028  | py-experimenter - INFO     | Initialized and connected to database
2024-08-21 11:38:34,208  | py-experimenter - INFO     | Found 5 keyfields
2024-08-21 11:38:34,209  | py-experimenter - INFO     | Found 9 resultfields
2024-08-21 11:38:34,210  | py-experimenter - WARNING  | No logtables given
2024-08-21 11:38:34,210  | py-experimenter - WARNING  | No custom section defined in config
2024-08-21 11:38:34,210  | py-experimenter - WARNING  | No codecarbon section defined in config
2024-08-21 11:38:34,230  | py-experimenter - INFO     | Initialized and connected to database
2024-08-21 16:48:08,591  | py-experimenter - INFO     | Found 5 keyfields
2024-08-21 16:48:08,592  | py-experimenter - INFO     | Found 9 resultfields
2024-08-21 16:48:08,593  | py-experimenter - WARNING  | No logtables given
2024-08-21 16:48:08,593  | py-experimenter - WARNING  | No custom section defined in config
2024-08-21 16:48:08,594  | py-experimenter - WARNING  | No codecarbon section defined in config
2024-08-21 16:48:08,605  | py-experimenter - INFO     | Initialized and connected to database
2024-08-21 16:48:19,809  | py-experimenter - INFO     | Found 5 keyfields
2024-08-21 16:48:19,810  | py-experimenter - INFO     | Found 9 resultfields
2024-08-21 16:48:19,810  | py-experimenter - WARNING  | No logtables given
2024-08-21 16:48:19,810  | py-experimenter - WARNING  | No custom section defined in config
2024-08-21 16:48:19,811  | py-experimenter - WARNING  | No codecarbon section defined in config
2024-08-21 16:48:19,820  | py-experimenter - INFO     | Initialized and connected to database
2024-08-22 08:49:35,375  | py-experimenter - INFO     | Found 5 keyfields
2024-08-22 08:49:35,376  | py-experimenter - INFO     | Found 9 resultfields
2024-08-22 08:49:35,377  | py-experimenter - WARNING  | No logtables given
2024-08-22 08:49:35,377  | py-experimenter - WARNING  | No custom section defined in config
2024-08-22 08:49:35,378  | py-experimenter - WARNING  | No codecarbon section defined in config
2024-08-22 08:49:35,396  | py-experimenter - INFO     | Initialized and connected to database
2024-08-22 15:43:35,950  | py-experimenter - INFO     | Found 5 keyfields
2024-08-22 15:43:35,956  | py-experimenter - INFO     | Found 9 resultfields
2024-08-22 15:43:35,961  | py-experimenter - WARNING  | No logtables given
2024-08-22 15:43:35,965  | py-experimenter - WARNING  | No custom section defined in config
2024-08-22 15:43:35,972  | py-experimenter - WARNING  | No codecarbon section defined in config
2024-08-22 15:43:36,010  | py-experimenter - INFO     | Initialized and connected to database
2024-08-22 15:48:05,889  | py-experimenter - INFO     | Found 5 keyfields
2024-08-22 15:48:05,897  | py-experimenter - INFO     | Found 9 resultfields
2024-08-22 15:48:05,900  | py-experimenter - WARNING  | No logtables given
2024-08-22 15:48:05,905  | py-experimenter - WARNING  | No custom section defined in config
2024-08-22 15:48:05,909  | py-experimenter - WARNING  | No codecarbon section defined in config
2024-08-22 15:48:05,979  | py-experimenter - INFO     | Initialized and connected to database
2024-08-22 15:52:50,510  | py-experimenter - INFO     | Found 5 keyfields
2024-08-22 15:52:50,514  | py-experimenter - INFO     | Found 9 resultfields
2024-08-22 15:52:50,516  | py-experimenter - WARNING  | No logtables given
2024-08-22 15:52:50,520  | py-experimenter - WARNING  | No custom section defined in config
2024-08-22 15:52:50,524  | py-experimenter - WARNING  | No codecarbon section defined in config
2024-08-22 15:52:50,560  | py-experimenter - INFO     | Initialized and connected to database
2024-08-22 15:53:31,889  | py-experimenter - INFO     | Found 5 keyfields
2024-08-22 15:53:31,897  | py-experimenter - INFO     | Found 9 resultfields
2024-08-22 15:53:31,901  | py-experimenter - WARNING  | No logtables given
2024-08-22 15:53:31,904  | py-experimenter - WARNING  | No custom section defined in config
2024-08-22 15:53:31,909  | py-experimenter - WARNING  | No codecarbon section defined in config
2024-08-22 15:53:31,938  | py-experimenter - INFO     | Initialized and connected to database
2024-08-22 15:59:07,446  | py-experimenter - INFO     | Found 5 keyfields
2024-08-22 15:59:07,451  | py-experimenter - INFO     | Found 9 resultfields
2024-08-22 15:59:07,455  | py-experimenter - WARNING  | No logtables given
2024-08-22 15:59:07,459  | py-experimenter - WARNING  | No custom section defined in config
2024-08-22 15:59:07,466  | py-experimenter - WARNING  | No codecarbon section defined in config
2024-08-22 15:59:07,507  | py-experimenter - INFO     | Initialized and connected to database
2024-08-22 16:00:59,733  | py-experimenter - INFO     | Found 5 keyfields
2024-08-22 16:00:59,741  | py-experimenter - INFO     | Found 9 resultfields
2024-08-22 16:00:59,748  | py-experimenter - WARNING  | No logtables given
2024-08-22 16:00:59,754  | py-experimenter - WARNING  | No custom section defined in config
2024-08-22 16:00:59,765  | py-experimenter - WARNING  | No codecarbon section defined in config
2024-08-22 16:00:59,800  | py-experimenter - INFO     | Initialized and connected to database
2024-08-22 16:02:01,070  | py-experimenter - INFO     | Found 5 keyfields
2024-08-22 16:02:01,077  | py-experimenter - INFO     | Found 9 resultfields
2024-08-22 16:02:01,084  | py-experimenter - WARNING  | No logtables given
2024-08-22 16:02:01,089  | py-experimenter - WARNING  | No custom section defined in config
2024-08-22 16:02:01,097  | py-experimenter - WARNING  | No codecarbon section defined in config
2024-08-22 16:02:01,130  | py-experimenter - INFO     | Initialized and connected to database
2024-08-22 16:02:07,188  | py-experimenter - INFO     | Found 5 keyfields
2024-08-22 16:02:07,190  | py-experimenter - INFO     | Found 9 resultfields
2024-08-22 16:02:07,191  | py-experimenter - WARNING  | No logtables given
2024-08-22 16:02:07,192  | py-experimenter - WARNING  | No custom section defined in config
2024-08-22 16:02:07,193  | py-experimenter - WARNING  | No codecarbon section defined in config
2024-08-22 16:02:07,209  | py-experimenter - INFO     | Initialized and connected to database
2024-08-22 16:02:25,761  | py-experimenter - INFO     | Found 5 keyfields
2024-08-22 16:02:25,765  | py-experimenter - INFO     | Found 9 resultfields
2024-08-22 16:02:25,773  | py-experimenter - WARNING  | No logtables given
2024-08-22 16:02:25,779  | py-experimenter - WARNING  | No custom section defined in config
2024-08-22 16:02:25,783  | py-experimenter - WARNING  | No codecarbon section defined in config
2024-08-22 16:02:25,816  | py-experimenter - INFO     | Initialized and connected to database
2024-08-22 16:02:31,598  | py-experimenter - INFO     | Found 5 keyfields
2024-08-22 16:02:31,605  | py-experimenter - INFO     | Found 9 resultfields
2024-08-22 16:02:31,609  | py-experimenter - WARNING  | No logtables given
2024-08-22 16:02:31,614  | py-experimenter - WARNING  | No custom section defined in config
2024-08-22 16:02:31,619  | py-experimenter - WARNING  | No codecarbon section defined in config
2024-08-22 16:02:31,660  | py-experimenter - INFO     | Initialized and connected to database
2024-08-22 16:02:38,853  | py-experimenter - INFO     | Found 5 keyfields
2024-08-22 16:02:38,860  | py-experimenter - INFO     | Found 9 resultfields
2024-08-22 16:02:38,865  | py-experimenter - WARNING  | No logtables given
2024-08-22 16:02:38,868  | py-experimenter - WARNING  | No custom section defined in config
2024-08-22 16:02:38,873  | py-experimenter - WARNING  | No codecarbon section defined in config
2024-08-22 16:02:38,895  | py-experimenter - INFO     | Initialized and connected to database
2024-08-22 16:03:06,886  | py-experimenter - INFO     | Found 5 keyfields
2024-08-22 16:03:06,888  | py-experimenter - INFO     | Found 9 resultfields
2024-08-22 16:03:06,889  | py-experimenter - WARNING  | No logtables given
2024-08-22 16:03:06,890  | py-experimenter - WARNING  | No custom section defined in config
2024-08-22 16:03:06,891  | py-experimenter - WARNING  | No codecarbon section defined in config
2024-08-22 16:03:06,905  | py-experimenter - INFO     | Initialized and connected to database
2024-08-22 16:03:22,637  | py-experimenter - INFO     | Found 5 keyfields
2024-08-22 16:03:22,643  | py-experimenter - INFO     | Found 9 resultfields
2024-08-22 16:03:22,650  | py-experimenter - WARNING  | No logtables given
2024-08-22 16:03:22,652  | py-experimenter - WARNING  | No custom section defined in config
2024-08-22 16:03:22,655  | py-experimenter - WARNING  | No codecarbon section defined in config
2024-08-22 16:03:22,680  | py-experimenter - INFO     | Initialized and connected to database
2024-08-22 16:06:31,235  | py-experimenter - INFO     | Found 5 keyfields
2024-08-22 16:06:31,241  | py-experimenter - INFO     | Found 9 resultfields
2024-08-22 16:06:31,248  | py-experimenter - WARNING  | No logtables given
2024-08-22 16:06:31,252  | py-experimenter - WARNING  | No custom section defined in config
2024-08-22 16:06:31,257  | py-experimenter - WARNING  | No codecarbon section defined in config
2024-08-22 16:06:31,286  | py-experimenter - INFO     | Initialized and connected to database
2024-10-17 14:46:14,198  | py-experimenter - INFO     | Found 5 keyfields
2024-10-17 14:46:14,200  | py-experimenter - INFO     | Found 9 resultfields
2024-10-17 14:46:14,201  | py-experimenter - WARNING  | No logtables given
2024-10-17 14:46:14,202  | py-experimenter - WARNING  | No custom section defined in config
2024-10-17 14:46:14,203  | py-experimenter - WARNING  | No codecarbon section defined in config
2024-10-17 14:46:14,204  | py-experimenter - INFO     | Initialized and connected to database
2024-10-17 14:47:17,057  | py-experimenter - INFO     | Found 5 keyfields
2024-10-17 14:47:17,058  | py-experimenter - INFO     | Found 9 resultfields
2024-10-17 14:47:17,058  | py-experimenter - WARNING  | No logtables given
2024-10-17 14:47:17,058  | py-experimenter - WARNING  | No custom section defined in config
2024-10-17 14:47:17,059  | py-experimenter - WARNING  | No codecarbon section defined in config
2024-10-17 14:47:17,059  | py-experimenter - INFO     | Initialized and connected to database
2024-10-17 14:59:32,747  | py-experimenter - INFO     | Found 5 keyfields
2024-10-17 14:59:32,758  | py-experimenter - INFO     | Found 9 resultfields
2024-10-17 14:59:32,759  | py-experimenter - WARNING  | No logtables given
2024-10-17 14:59:32,759  | py-experimenter - WARNING  | No custom section defined in config
2024-10-17 14:59:32,760  | py-experimenter - WARNING  | No codecarbon section defined in config
2024-10-17 14:59:32,761  | py-experimenter - INFO     | Initialized and connected to database
2024-10-17 15:00:05,167  | py-experimenter - INFO     | Found 5 keyfields
2024-10-17 15:00:05,168  | py-experimenter - INFO     | Found 9 resultfields
2024-10-17 15:00:05,169  | py-experimenter - WARNING  | No logtables given
2024-10-17 15:00:05,169  | py-experimenter - WARNING  | No custom section defined in config
2024-10-17 15:00:05,170  | py-experimenter - WARNING  | No codecarbon section defined in config
2024-10-17 15:00:05,194  | py-experimenter - INFO     | Initialized and connected to database
2024-10-17 15:00:37,146  | py-experimenter - INFO     | Found 5 keyfields
2024-10-17 15:00:37,147  | py-experimenter - INFO     | Found 9 resultfields
2024-10-17 15:00:37,148  | py-experimenter - WARNING  | No logtables given
2024-10-17 15:00:37,148  | py-experimenter - WARNING  | No custom section defined in config
2024-10-17 15:00:37,148  | py-experimenter - WARNING  | No codecarbon section defined in config
2024-10-17 15:00:37,160  | py-experimenter - INFO     | Initialized and connected to database
2024-10-17 15:03:30,547  | py-experimenter - INFO     | Found 5 keyfields
2024-10-17 15:03:30,557  | py-experimenter - INFO     | Found 9 resultfields
2024-10-17 15:03:30,558  | py-experimenter - WARNING  | No logtables given
2024-10-17 15:03:30,558  | py-experimenter - WARNING  | No custom section defined in config
2024-10-17 15:03:30,559  | py-experimenter - WARNING  | No codecarbon section defined in config
2024-10-17 15:03:30,571  | py-experimenter - INFO     | Initialized and connected to database
2024-10-17 15:10:36,130  | py-experimenter - INFO     | Found 5 keyfields
2024-10-17 15:10:36,131  | py-experimenter - INFO     | Found 9 resultfields
2024-10-17 15:10:36,132  | py-experimenter - WARNING  | No logtables given
2024-10-17 15:10:36,133  | py-experimenter - WARNING  | No custom section defined in config
2024-10-17 15:10:36,133  | py-experimenter - WARNING  | No codecarbon section defined in config
2024-10-17 15:10:36,144  | py-experimenter - INFO     | Initialized and connected to database
2024-10-17 15:12:08,737  | py-experimenter - INFO     | Found 5 keyfields
2024-10-17 15:12:08,738  | py-experimenter - INFO     | Found 9 resultfields
2024-10-17 15:12:08,738  | py-experimenter - WARNING  | No logtables given
2024-10-17 15:12:08,739  | py-experimenter - WARNING  | No custom section defined in config
2024-10-17 15:12:08,739  | py-experimenter - WARNING  | No codecarbon section defined in config
2024-10-17 15:12:08,751  | py-experimenter - INFO     | Initialized and connected to database
2024-10-17 15:17:50,033  | py-experimenter - INFO     | Found 5 keyfields
2024-10-17 15:17:50,035  | py-experimenter - INFO     | Found 9 resultfields
2024-10-17 15:17:50,035  | py-experimenter - WARNING  | No logtables given
2024-10-17 15:17:50,036  | py-experimenter - WARNING  | No custom section defined in config
2024-10-17 15:17:50,036  | py-experimenter - WARNING  | No codecarbon section defined in config
2024-10-17 15:17:50,052  | py-experimenter - INFO     | Initialized and connected to database
2024-11-15 09:17:16,361  | py-experimenter - INFO     | Found 5 keyfields
2024-11-15 09:17:16,361  | py-experimenter - INFO     | Found 10 resultfields
2024-11-15 09:17:16,362  | py-experimenter - WARNING  | No logtables given
2024-11-15 09:17:16,362  | py-experimenter - WARNING  | No custom section defined in config
2024-11-15 09:17:16,363  | py-experimenter - WARNING  | No codecarbon section defined in config
2024-11-15 09:17:16,363  | py-experimenter - INFO     | Initialized and connected to database
2024-11-15 09:30:07,829  | py-experimenter - INFO     | Found 5 keyfields
2024-11-15 09:30:07,830  | py-experimenter - INFO     | Found 10 resultfields
2024-11-15 09:30:07,831  | py-experimenter - WARNING  | No logtables given
2024-11-15 09:30:07,831  | py-experimenter - WARNING  | No custom section defined in config
2024-11-15 09:30:07,832  | py-experimenter - WARNING  | No codecarbon section defined in config
2024-11-15 09:30:07,833  | py-experimenter - INFO     | Initialized and connected to database
2024-11-15 09:30:36,269  | py-experimenter - INFO     | Found 5 keyfields
2024-11-15 09:30:36,270  | py-experimenter - INFO     | Found 10 resultfields
2024-11-15 09:30:36,270  | py-experimenter - WARNING  | No logtables given
2024-11-15 09:30:36,271  | py-experimenter - WARNING  | No custom section defined in config
2024-11-15 09:30:36,271  | py-experimenter - WARNING  | No codecarbon section defined in config
2024-11-15 09:30:36,272  | py-experimenter - INFO     | Initialized and connected to database
2024-11-18 12:47:51,985  | py-experimenter - INFO     | Found 5 keyfields
2024-11-18 12:47:51,988  | py-experimenter - INFO     | Found 10 resultfields
2024-11-18 12:47:51,990  | py-experimenter - WARNING  | No logtables given
2024-11-18 12:47:51,992  | py-experimenter - WARNING  | No custom section defined in config
2024-11-18 12:47:51,993  | py-experimenter - WARNING  | No codecarbon section defined in config
2024-11-18 12:47:52,031  | py-experimenter - INFO     | Initialized and connected to database
2024-11-18 13:00:41,321  | py-experimenter - INFO     | Found 5 keyfields
2024-11-18 13:00:41,322  | py-experimenter - INFO     | Found 10 resultfields
2024-11-18 13:00:41,323  | py-experimenter - WARNING  | No logtables given
2024-11-18 13:00:41,323  | py-experimenter - WARNING  | No custom section defined in config
2024-11-18 13:00:41,323  | py-experimenter - WARNING  | No codecarbon section defined in config
2024-11-18 13:00:41,332  | py-experimenter - INFO     | Initialized and connected to database
